App/build/intermediates/manifest_merge_blame_file/debug/manifest-merger-blame-debug-report.txt
1<?xml version="1.0" encoding="utf-8"?>
2<manifest xmlns:android="http://schemas.android.com/apk/res/android"
3    package="com.example.example"
4    android:versionCode="1"
5    android:versionName="1.0" >
6
7    <uses-sdk
8        android:minSdkVersion="21"
8-->src/main/AndroidManifest.xml
9        android:targetSdkVersion="30" />
9-->src/main/AndroidManifest.xml
10
11    <application
11-->src/main/AndroidManifest.xml:5:5-24:19
12        android:allowBackup="true"
12-->src/main/AndroidManifest.xml:6:9-35
13        android:appComponentFactory="androidx.core.app.CoreComponentFactory"
13-->[androidx.core:core:1.3.1] AndroidManifest.xml:24:18-86
14        android:debuggable="true"
15        android:icon="@mipmap/ic_launcher"
15-->src/main/AndroidManifest.xml:7:9-43
16        android:label="@string/app_name"
16-->src/main/AndroidManifest.xml:8:9-41
17        android:roundIcon="@mipmap/ic_launcher_round"
17-->src/main/AndroidManifest.xml:9:9-54
18        android:supportsRtl="true"
18-->src/main/AndroidManifest.xml:10:9-35
19        android:testOnly="true"
20        android:theme="@style/Theme.Example" >
20-->src/main/AndroidManifest.xml:11:9-45
21        <activity android:name="com.example.example.Simulation" />
21-->src/main/AndroidManifest.xml:12:9-57
21-->src/main/AndroidManifest.xml:12:19-45
22        <activity android:name="com.example.example.newGuest" />
22-->src/main/AndroidManifest.xml:13:9-46
22-->src/main/AndroidManifest.xml:13:19-43
23        <activity android:name="com.example.example.setUp" />
23-->src/main/AndroidManifest.xml:14:9-43
23-->src/main/AndroidManifest.xml:14:19-40
24        <activity android:name="com.example.example.SettingsPage" />
24-->src/main/AndroidManifest.xml:15:9-50
24-->src/main/AndroidManifest.xml:15:19-47
25        <activity android:name="com.example.example.PopUp" />
25-->src/main/AndroidManifest.xml:16:9-43
25-->src/main/AndroidManifest.xml:16:19-40
26        <activity android:name="com.example.example.MainActivity" >
26-->src/main/AndroidManifest.xml:17:9-23:20
26-->src/main/AndroidManifest.xml:17:19-47
27            <intent-filter>
27-->src/main/AndroidManifest.xml:18:13-22:29
28                <action android:name="android.intent.action.MAIN" />
28-->src/main/AndroidManifest.xml:19:17-69
28-->src/main/AndroidManifest.xml:19:25-66
29
30                <category android:name="android.intent.category.LAUNCHER" />
30-->src/main/AndroidManifest.xml:21:17-77
30-->src/main/AndroidManifest.xml:21:27-74
31            </intent-filter>
32        </activity>
33    </application>
34
35</manifest>